[2m2026-03-08T12:00:45.383704Z[0m [32m INFO[0m [2mcargo_tarpaulin::config[0m[2m:[0m Creating config
[2m2026-03-08T12:00:45.736881Z[0m [32m INFO[0m [2mcargo_tarpaulin[0m[2m:[0m Running Tarpaulin
[2m2026-03-08T12:00:45.736926Z[0m [32m INFO[0m [2mcargo_tarpaulin[0m[2m:[0m Building project
[2m2026-03-08T12:00:45.739978Z[0m [32m INFO[0m [2mcargo_tarpaulin::cargo[0m[2m:[0m Cleaning project
[2m2026-03-08T12:00:54.763363Z[0m [31mERROR[0m [2mcargo_tarpaulin::cargo[0m[2m:[0m Cargo clean failed: Directory not empty (os error 39)
    Blocking waiting for file lock on build directory
   Compiling cfg-if v1.0.4
   Compiling unicode-ident v1.0.22
   Compiling libc v0.2.180
   Compiling memchr v2.7.6
   Compiling bitflags v2.10.0
   Compiling proc-macro2 v1.0.106
   Compiling linux-raw-sys v0.11.0
   Compiling quote v1.0.43
   Compiling rustix v1.1.3
   Compiling version_check v0.9.5
   Compiling syn v2.0.114
   Compiling getrandom v0.3.4
   Compiling shlex v1.3.0
   Compiling find-msvc-tools v0.1.9
   Compiling generic-array v0.14.7
   Compiling cc v1.2.56
   Compiling object v0.37.3
   Compiling typenum v1.19.0
   Compiling errno v0.3.14
   Compiling once_cell v1.21.3
   Compiling unicode-segmentation v1.12.0
   Compiling convert_case v0.10.0
   Compiling signal-hook-registry v1.4.8
   Compiling ucd-trie v0.1.7
   Compiling scopeguard v1.2.0
   Compiling ar_archive_writer v0.5.1
   Compiling gimli v0.32.3
   Compiling utf8parse v0.2.2
   Compiling adler2 v2.0.1
   Compiling smallvec v1.15.1
   Compiling log v0.4.29
   Compiling fastrand v2.3.0
   Compiling psm v0.1.30
   Compiling tempfile v3.24.0
   Compiling derive_more-impl v2.1.1
   Compiling mio v1.1.1
   Compiling parking_lot_core v0.9.12
   Compiling miniz_oxide v0.8.9
   Compiling addr2line v0.25.1
   Compiling anstyle-parse v0.2.7
   Compiling lock_api v0.4.14
   Compiling pest v2.8.5
   Compiling signal-hook v0.3.18
   Compiling rustc-demangle v0.1.27
   Compiling anstyle v1.0.13
   Compiling litrs v1.0.0
   Compiling is_terminal_polyfill v1.70.2
   Compiling colorchoice v1.0.4
   Compiling anstyle-query v1.1.5
   Compiling unicode-width v0.2.2
   Compiling pest_meta v2.8.5
   Compiling anstream v0.6.21
   Compiling document-features v0.2.12
   Compiling signal-hook-mio v0.2.5
   Compiling parking_lot v0.12.5
   Compiling derive_more v2.1.1
   Compiling crypto-common v0.1.7
   Compiling block-buffer v0.10.4
   Compiling stacker v0.1.23
   Compiling rand_core v0.9.5
   Compiling tinyvec_macros v0.1.1
   Compiling clap_lex v0.7.7
   Compiling unicode-linebreak v0.1.5
   Compiling heck v0.5.0
   Compiling is_ci v1.2.0
   Compiling strsim v0.11.1
   Compiling autocfg v1.5.0
   Compiling backtrace v0.3.76
   Compiling num-traits v0.2.19
   Compiling clap_builder v4.5.54
   Compiling clap_derive v4.5.49
   Compiling supports-color v3.0.2
   Compiling backtrace-ext v0.2.1
   Compiling textwrap v0.16.2
   Compiling tinyvec v1.10.0
   Compiling digest v0.10.7
   Compiling crossterm v0.29.0
   Compiling zerocopy v0.8.38
   Compiling owo-colors v4.2.3
   Compiling pest_generator v2.8.5
   Compiling thiserror-impl v2.0.18
   Compiling miette-derive v7.6.0
   Compiling terminal_size v0.4.3
   Compiling dirs-sys-next v0.1.2
   Compiling cpufeatures v0.2.17
   Compiling supports-hyperlinks v3.2.0
   Compiling unicode-width v0.1.14
   Compiling supports-unicode v3.0.0
   Compiling thiserror v2.0.18
   Compiling sha2 v0.10.9
   Compiling dirs-next v2.0.0
   Compiling miette v7.6.0
   Compiling pest_derive v2.8.5
   Compiling clap v4.5.54
   Compiling comfy-table v7.2.2
   Compiling unicode-normalization v0.1.25
   Compiling ppv-lite86 v0.2.21
   Compiling wait-timeout v0.2.1
   Compiling smol_str v0.3.5
   Compiling quick-error v1.2.3
   Compiling rustc-hash v2.1.1
   Compiling hex v0.4.3
   Compiling bit-vec v0.8.0
   Compiling fnv v1.0.7
   Compiling rusty-fork v0.3.1
   Compiling bit-set v0.8.0
   Compiling rand_chacha v0.9.0
   Compiling rand v0.9.2
   Compiling rand_xorshift v0.4.0
   Compiling console v0.15.11
   Compiling unarray v0.1.4
   Compiling diff v0.1.13
   Compiling yansi v1.0.1
   Compiling similar v2.7.0
   Compiling regex-syntax v0.8.9
   Compiling pretty_assertions v1.4.1
   Compiling insta v1.46.1
   Compiling glossa v0.1.0 (/app)
   Compiling proptest v1.9.0
