[2m2026-03-08T11:48:30.647645Z[0m [32m INFO[0m [2mcargo_tarpaulin::config[0m[2m:[0m Creating config
[2m2026-03-08T11:48:30.871482Z[0m [32m INFO[0m [2mcargo_tarpaulin[0m[2m:[0m Running Tarpaulin
[2m2026-03-08T11:48:30.871514Z[0m [32m INFO[0m [2mcargo_tarpaulin[0m[2m:[0m Building project
[2m2026-03-08T11:48:30.871675Z[0m [32m INFO[0m [2mcargo_tarpaulin::cargo[0m[2m:[0m Cleaning project
   Compiling libc v0.2.180
   Compiling cfg-if v1.0.4
   Compiling proc-macro2 v1.0.106
   Compiling quote v1.0.43
   Compiling unicode-ident v1.0.22
   Compiling memchr v2.7.6
   Compiling getrandom v0.3.4
   Compiling rustix v1.1.3
   Compiling syn v2.0.114
   Compiling bitflags v2.10.0
   Compiling linux-raw-sys v0.11.0
   Compiling shlex v1.3.0
   Compiling find-msvc-tools v0.1.9
   Compiling typenum v1.19.0
   Compiling object v0.37.3
   Compiling version_check v0.9.5
   Compiling cc v1.2.56
   Compiling generic-array v0.14.7
   Compiling errno v0.3.14
   Compiling parking_lot_core v0.9.12
   Compiling signal-hook v0.3.18
   Compiling once_cell v1.21.3
   Compiling unicode-segmentation v1.12.0
   Compiling convert_case v0.10.0
   Compiling signal-hook-registry v1.4.8
   Compiling log v0.4.29
   Compiling fastrand v2.3.0
   Compiling smallvec v1.15.1
   Compiling gimli v0.32.3
   Compiling adler2 v2.0.1
   Compiling utf8parse v0.2.2
   Compiling scopeguard v1.2.0
   Compiling ucd-trie v0.1.7
   Compiling derive_more-impl v2.1.1
   Compiling pest v2.8.5
   Compiling ar_archive_writer v0.5.1
   Compiling lock_api v0.4.14
   Compiling anstyle-parse v0.2.7
   Compiling miniz_oxide v0.8.9
   Compiling addr2line v0.25.1
   Compiling tempfile v3.24.0
   Compiling psm v0.1.30
   Compiling mio v1.1.1
   Compiling rustc-demangle v0.1.27
   Compiling zerocopy v0.8.38
   Compiling litrs v1.0.0
   Compiling is_terminal_polyfill v1.70.2
   Compiling owo-colors v4.2.3
   Compiling unicode-width v0.2.2
   Compiling colorchoice v1.0.4
   Compiling anstyle-query v1.1.5
   Compiling anstyle v1.0.13
   Compiling anstream v0.6.21
   Compiling document-features v0.2.12
   Compiling signal-hook-mio v0.2.5
   Compiling parking_lot v0.12.5
   Compiling pest_meta v2.8.5
   Compiling derive_more v2.1.1
   Compiling crypto-common v0.1.7
   Compiling block-buffer v0.10.4
   Compiling stacker v0.1.23
   Compiling rand_core v0.9.5
   Compiling clap_lex v0.7.7
   Compiling tinyvec_macros v0.1.1
   Compiling autocfg v1.5.0
   Compiling heck v0.5.0
   Compiling thiserror v2.0.18
   Compiling strsim v0.11.1
   Compiling is_ci v1.2.0
   Compiling unicode-linebreak v0.1.5
   Compiling textwrap v0.16.2
   Compiling clap_builder v4.5.54
   Compiling backtrace v0.3.76
   Compiling backtrace-ext v0.2.1
   Compiling supports-color v3.0.2
   Compiling num-traits v0.2.19
   Compiling clap_derive v4.5.49
   Compiling pest_generator v2.8.5
   Compiling tinyvec v1.10.0
   Compiling digest v0.10.7
   Compiling crossterm v0.29.0
   Compiling thiserror-impl v2.0.18
   Compiling miette-derive v7.6.0
   Compiling terminal_size v0.4.3
   Compiling dirs-sys-next v0.1.2
   Compiling supports-hyperlinks v3.2.0
   Compiling supports-unicode v3.0.0
   Compiling cpufeatures v0.2.17
   Compiling unicode-width v0.1.14
   Compiling sha2 v0.10.9
   Compiling dirs-next v2.0.0
   Compiling clap v4.5.54
   Compiling miette v7.6.0
   Compiling comfy-table v7.2.2
   Compiling unicode-normalization v0.1.25
   Compiling pest_derive v2.8.5
   Compiling ppv-lite86 v0.2.21
   Compiling wait-timeout v0.2.1
   Compiling hex v0.4.3
   Compiling quick-error v1.2.3
   Compiling smol_str v0.3.5
   Compiling bit-vec v0.8.0
   Compiling fnv v1.0.7
   Compiling rustc-hash v2.1.1
   Compiling bit-set v0.8.0
   Compiling rusty-fork v0.3.1
   Compiling rand_chacha v0.9.0
   Compiling rand_xorshift v0.4.0
   Compiling rand v0.9.2
   Compiling console v0.15.11
   Compiling diff v0.1.13
   Compiling unarray v0.1.4
   Compiling yansi v1.0.1
   Compiling similar v2.7.0
   Compiling regex-syntax v0.8.9
   Compiling pretty_assertions v1.4.1
   Compiling insta v1.46.1
   Compiling glossa v0.1.0 (/app)
   Compiling proptest v1.9.0
    Finished `test` profile [unoptimized + debuginfo] target(s) in 52.89s
[2m2026-03-08T11:49:25.593255Z[0m [32m INFO[0m [2mcargo_tarpaulin::process_handling::linux[0m[2m:[0m Launching test
[2m2026-03-08T11:49:25.593351Z[0m [32m INFO[0m [2mcargo_tarpaulin::process_handling[0m[2m:[0m running /app/target/debug/deps/repro_codegen_perf-53b5c8150576c7fe

running 3 tests
test test_sanitizer_edge_cases ... ok
test test_allocations ... ok
test test_generate_type_tokens_coverage ... ok

test result: ok. 3 passed; 0 failed; 0 ignored; 0 measured; 0 filtered out; finished in 0.03s

[2m2026-03-08T11:49:28.109270Z[0m [32m INFO[0m [2mcargo_tarpaulin::process_handling::linux[0m[2m:[0m Launching test
[2m2026-03-08T11:49:28.109328Z[0m [32m INFO[0m [2mcargo_tarpaulin::process_handling[0m[2m:[0m running /app/target/debug/deps/warden_limits-251f82f2fd9dd867

running 2 tests
test test_recursion_limit ... ok
test test_operator_limit ... ok

test result: ok. 2 passed; 0 failed; 0 ignored; 0 measured; 0 filtered out; finished in 0.34s

[2m2026-03-08T11:49:31.017280Z[0m [32m INFO[0m [2mcargo_tarpaulin::process_handling::linux[0m[2m:[0m Launching test
[2m2026-03-08T11:49:31.017349Z[0m [32m INFO[0m [2mcargo_tarpaulin::process_handling[0m[2m:[0m running /app/target/debug/deps/repro_ignored_block-6fe866d704e225d2

running 2 tests
test test_multi_statement_block_ignored ... ok
test test_block_in_binding_ignored ... ok

test result: ok. 2 passed; 0 failed; 0 ignored; 0 measured; 0 filtered out; finished in 0.43s

[2m2026-03-08T11:49:34.117240Z[0m [32m INFO[0m [2mcargo_tarpaulin::process_handling::linux[0m[2m:[0m Launching test
[2m2026-03-08T11:49:34.117308Z[0m [32m INFO[0m [2mcargo_tarpaulin::process_handling[0m[2m:[0m running /app/target/debug/deps/type_tests-d3ef9c9bf10a9d7c

running 12 tests
test test_analyze_type_definition ... ok
test test_analyze_type_with_multiple_fields ... ok
test test_instantiation_multiple_fields ... ok
test test_instantiation ... ok
test test_instantiation_with_boolean ... ok
test test_instantiation_with_explicit_numeric_word ... ok
test test_instantiation_with_word_number ... ok
test test_parse_empty_type ... ok
test test_parse_type_with_field ... ok
test test_instantiation_with_literals ... ok
test test_field_access_multiple_fields ... ok
test test_field_access ... ok

test result: ok. 12 passed; 0 failed; 0 ignored; 0 measured; 0 filtered out; finished in 0.60s

[2m2026-03-08T11:49:37.481254Z[0m [32m INFO[0m [2mcargo_tarpaulin::process_handling::linux[0m[2m:[0m Launching test
[2m2026-03-08T11:49:37.481319Z[0m [32m INFO[0m [2mcargo_tarpaulin::process_handling[0m[2m:[0m running /app/target/debug/deps/warden_neg_overflow-e4601a76c0f50f73

running 2 tests
test test_warden_neg_overflow_defense ... ok
test test_warden_neg_overflow_non_number_fallback ... ok

test result: ok. 2 passed; 0 failed; 0 ignored; 0 measured; 0 filtered out; finished in 0.02s

[2m2026-03-08T11:49:40.341220Z[0m [32m INFO[0m [2mcargo_tarpaulin::process_handling::linux[0m[2m:[0m Launching test
[2m2026-03-08T11:49:40.341281Z[0m [32m INFO[0m [2mcargo_tarpaulin::process_handling[0m[2m:[0m running /app/target/debug/deps/word_order_tests-c6eab154e314868c

running 9 tests
test test_article_disambiguation_context ... ok
test test_number_binding_variations ... ok
test test_binding_word_order_independence ... ok
test test_multiple_statement_scope ... ok
test test_query_produces_output ... ok
test test_assembler_consistency ... ok
test test_variable_binding_and_reference ... ok
test test_string_binding ... ok
test test_print_word_order_independence ... ok

test result: ok. 9 passed; 0 failed; 0 ignored; 0 measured; 0 filtered out; finished in 0.61s

[2m2026-03-08T11:49:43.873298Z[0m [32m INFO[0m [2mcargo_tarpaulin::process_handling::linux[0m[2m:[0m Launching test
[2m2026-03-08T11:49:43.873363Z[0m [32m INFO[0m [2mcargo_tarpaulin::process_handling[0m[2m:[0m running /app/target/debug/deps/havoc_overflow-d1030f9dc4b07863

running 1 test
test test_stack_overflow_mitigation ... ok

test result: ok. 1 passed; 0 failed; 0 ignored; 0 measured; 0 filtered out; finished in 0.34s

[2m2026-03-08T11:49:47.213274Z[0m [32m INFO[0m [2mcargo_tarpaulin::process_handling::linux[0m[2m:[0m Launching test
[2m2026-03-08T11:49:47.213339Z[0m [32m INFO[0m [2mcargo_tarpaulin::process_handling[0m[2m:[0m running /app/target/debug/deps/havoc_dos-c924a8b450b41594

running 1 test
test test_dos_dev_zero ... ok

test result: ok. 1 passed; 0 failed; 0 ignored; 0 measured; 0 filtered out; finished in 0.04s

[2m2026-03-08T11:49:50.373220Z[0m [32m INFO[0m [2mcargo_tarpaulin::process_handling::linux[0m[2m:[0m Launching test
[2m2026-03-08T11:49:50.373279Z[0m [32m INFO[0m [2mcargo_tarpaulin::process_handling[0m[2m:[0m running /app/target/debug/deps/morphology_models_test-b67f7bc8f330c583

running 5 tests
test test_enum_variants ... ok
test test_morph_analysis_creation ... ok
test test_morph_analysis_with_confidence ... ok
test test_display_impls ... ok
test test_analyses_compatible ... ok

test result: ok. 5 passed; 0 failed; 0 ignored; 0 measured; 0 filtered out; finished in 0.02s

[2m2026-03-08T11:49:53.549239Z[0m [32m INFO[0m [2mcargo_tarpaulin::process_handling::linux[0m[2m:[0m Launching test
[2m2026-03-08T11:49:53.549296Z[0m [32m INFO[0m [2mcargo_tarpaulin::process_handling[0m[2m:[0m running /app/target/debug/deps/nova_numerals-d2d97ee5c461128c

running 6 tests
test test_greek_numerals_assignment ... ok
test test_arabic_fallback ... ok
test test_greek_numerals_array ... ok
test test_greek_numerals_mixed ... ok
test test_greek_numerals_index ... ok
test test_invalid_greek_logic ... ok

test result: ok. 6 passed; 0 failed; 0 ignored; 0 measured; 0 filtered out; finished in 0.12s

[2m2026-03-08T11:49:56.913310Z[0m [32m INFO[0m [2mcargo_tarpaulin::process_handling::linux[0m[2m:[0m Launching test
[2m2026-03-08T11:49:56.913375Z[0m [32m INFO[0m [2mcargo_tarpaulin::process_handling[0m[2m:[0m running /app/target/debug/deps/operator_tests-a481db0059bed79d

running 13 tests
test test_arithmetic_product ... ok
test test_arithmetic_difference ... ok
test test_arithmetic_quotient ... ok
test test_arithmetic_remainder ... ok
test test_arithmetic_sum ... ok
test test_boolean_not ... ok
test test_boolean_and ... ok
test test_boolean_or ... ok
test test_arithmetic_in_binding ... ok
test test_comparison_in_binding ... ok
test test_comparison_greater_than ... ok
test test_comparison_less_than ... ok
test test_comparison_equal ... ok

test result: ok. 13 passed; 0 failed; 0 ignored; 0 measured; 0 filtered out; finished in 0.68s

[2m2026-03-08T11:50:00.901275Z[0m [32m INFO[0m [2mcargo_tarpaulin::process_handling::linux[0m[2m:[0m Launching test
[2m2026-03-08T11:50:00.901335Z[0m [32m INFO[0m [2mcargo_tarpaulin::process_handling[0m[2m:[0m running /app/target/debug/deps/parser_error_tests-ecb13c30145ba0a9

running 1 test
test tests::test_empty_term_handling ... ok

test result: ok. 1 passed; 0 failed; 0 ignored; 0 measured; 0 filtered out; finished in 0.02s

[2m2026-03-08T11:50:04.301244Z[0m [32m INFO[0m [2mcargo_tarpaulin::process_handling::linux[0m[2m:[0m Launching test
[2m2026-03-08T11:50:04.301305Z[0m [32m INFO[0m [2mcargo_tarpaulin::process_handling[0m[2m:[0m running /app/target/debug/deps/warden_logic-09fd4329fefe5e3b

running 1 test
test tests::test_trim_end_matches_bug_reproduction ... ok

test result: ok. 1 passed; 0 failed; 0 ignored; 0 measured; 0 filtered out; finished in 0.02s

[2m2026-03-08T12:00:04.900500Z[0m [32m INFO[0m [2mcargo_tarpaulin::process_handling::linux[0m[2m:[0m Launching test
[2m2026-03-08T12:00:04.914306Z[0m [32m INFO[0m [2mcargo_tarpaulin::process_handling[0m[2m:[0m running /app/target/debug/deps/warden_recursive_struct-49e2467f0c01851d

running 1 test
test test_recursive_struct_fails ... ok

test result: ok. 1 passed; 0 failed; 0 ignored; 0 measured; 0 filtered out; finished in 0.12s

[2m2026-03-08T12:00:12.411741Z[0m [32m INFO[0m [2mcargo_tarpaulin::process_handling::linux[0m[2m:[0m Launching test
[2m2026-03-08T12:00:12.421101Z[0m [32m INFO[0m [2mcargo_tarpaulin::process_handling[0m[2m:[0m running /app/target/debug/deps/coverage_perfect_fold-00405dea1be5832e

running 1 test
test test_perfect_fold_coverage ... ok

test result: ok. 1 passed; 0 failed; 0 ignored; 0 measured; 0 filtered out; finished in 0.55s

[2m2026-03-08T12:00:18.033198Z[0m [32m INFO[0m [2mcargo_tarpaulin::process_handling::linux[0m[2m:[0m Launching test
[2m2026-03-08T12:00:18.033262Z[0m [32m INFO[0m [2mcargo_tarpaulin::process_handling[0m[2m:[0m running /app/target/debug/deps/nova_coverage-b84f8c1f582a29c2

running 0 tests

test result: ok. 0 passed; 0 failed; 0 ignored; 0 measured; 0 filtered out; finished in 0.00s

[2m2026-03-08T12:00:18.533650Z[0m [32m INFO[0m [2mcargo_tarpaulin::process_handling::linux[0m[2m:[0m Launching test
[2m2026-03-08T12:00:18.533709Z[0m [32m INFO[0m [2mcargo_tarpaulin::process_handling[0m[2m:[0m running /app/target/debug/deps/test_assertions_test-fe30ee8e1cf07381

running 6 tests
test test_empty_test_body ... ok
test test_multiple_assertions_in_one_test ... ok
test test_assert_eq_compiles ... ok
test test_test_function_name_sanitization ... ok
test test_hashset_assertion ... ok
test test_assert_containment_compiles ... ok

test result: ok. 6 passed; 0 failed; 0 ignored; 0 measured; 0 filtered out; finished in 0.79s

[2m2026-03-08T12:00:24.069265Z[0m [32m INFO[0m [2mcargo_tarpaulin::process_handling::linux[0m[2m:[0m Launching test
[2m2026-03-08T12:00:24.069334Z[0m [32m INFO[0m [2mcargo_tarpaulin::process_handling[0m[2m:[0m running /app/target/debug/deps/havoc_transliteration-4e7b7d8cb1a8bb5b

running 1 test
test test_type_identifier_collision ... ok

test result: ok. 1 passed; 0 failed; 0 ignored; 0 measured; 0 filtered out; finished in 2.92s

[2m2026-03-08T12:00:31.433293Z[0m [32m INFO[0m [2mcargo_tarpaulin::process_handling::linux[0m[2m:[0m Launching test
[2m2026-03-08T12:00:31.433376Z[0m [32m INFO[0m [2mcargo_tarpaulin::process_handling[0m[2m:[0m running /app/target/debug/deps/test_declaration_test-df0e353cf1bd2366

running 4 tests
test test_parse_test_declaration ... ok
test test_parse_test_unaccented_keywords ... ok
test test_parse_test_with_body ... ok
test test_parse_multiple_tests ... ok

test result: ok. 4 passed; 0 failed; 0 ignored; 0 measured; 0 filtered out; finished in 0.18s

[2m2026-03-08T12:00:36.025224Z[0m [32m INFO[0m [2mcargo_tarpaulin::process_handling::linux[0m[2m:[0m Launching test
[2m2026-03-08T12:00:36.025293Z[0m [32m INFO[0m [2mcargo_tarpaulin::process_handling[0m[2m:[0m running /app/target/debug/deps/security_dos_file_size-9b909dd50128422d

running 1 test
test test_file_size_limit_cli ... FAILED

failures:

---- test_file_size_limit_cli stdout ----

thread 'test_file_size_limit_cli' (29967) panicked at tests/security_dos_file_size.rs:37:5:
Expected error message about file size, got: error: extern location for clap does not exist: /app/target/debug/deps/libclap-3b39f3e42b7c3a1b.rlib
 --> src/main.rs:5:5
  |
5 | use clap::Parser;
  |     ^^^^

error: extern location for miette does not exist: /app/target/debug/deps/libmiette-9ef76170776d54a4.rlib
 --> src/main.rs:6:5
  |
6 | use miette::Result;
  |     ^^^^^^

error[E0463]: can't find crate for `glossa`
 --> src/main.rs:8:5
  |
8 | use glossa::tools::cli::{Cli, Commands};
  |     ^^^^^^ can't find crate

For more information about this error, try `rustc --explain E0463`.
error: could not compile `glossa` (bin "glossa") due to 3 previous errors

note: run with `RUST_BACKTRACE=1` environment variable to display a backtrace


failures:
    test_file_size_limit_cli

test result: FAILED. 0 passed; 1 failed; 0 ignored; 0 measured; 0 filtered out; finished in 33.26s

[2m2026-03-08T12:01:09.714850Z[0m [33m WARN[0m [2mcargo_tarpaulin::process_handling::linux[0m[2m:[0m Test at /app/target/debug/deps/havoc_limits-09fcc5972d75c0fe doesn't exist
[2m2026-03-08T12:01:09.715030Z[0m [33m WARN[0m [2mcargo_tarpaulin::process_handling::linux[0m[2m:[0m Test at /app/target/debug/deps/sentry_morphology_empty_string-07ff96707192eb4e doesn't exist
[2m2026-03-08T12:01:09.715095Z[0m [33m WARN[0m [2mcargo_tarpaulin::process_handling::linux[0m[2m:[0m Test at /app/target/debug/deps/havoc_nested_tests-a4d7516864230486 doesn't exist
[2m2026-03-08T12:01:09.715107Z[0m [33m WARN[0m [2mcargo_tarpaulin::process_handling::linux[0m[2m:[0m Test at /app/target/debug/deps/codegen_coverage-0cb0b4e687b0741c doesn't exist
[2m2026-03-08T12:01:09.715118Z[0m [33m WARN[0m [2mcargo_tarpaulin::process_handling::linux[0m[2m:[0m Test at /app/target/debug/deps/struct_instantiation-208b9cb16a268573 doesn't exist
[2m2026-03-08T12:01:09.715129Z[0m [33m WARN[0m [2mcargo_tarpaulin::process_handling::linux[0m[2m:[0m Test at /app/target/debug/deps/sentry_participle_tests-fe02c7109c47990f doesn't exist
[2m2026-03-08T12:01:09.715138Z[0m [33m WARN[0m [2mcargo_tarpaulin::process_handling::linux[0m[2m:[0m Test at /app/target/debug/deps/control_flow_tests-c7934abd77f2a7ae doesn't exist
[2m2026-03-08T12:01:09.715147Z[0m [33m WARN[0m [2mcargo_tarpaulin::process_handling::linux[0m[2m:[0m Test at /app/target/debug/deps/expression_coverage-d77c5ad93579aab0 doesn't exist
[2m2026-03-08T12:01:09.715158Z[0m [33m WARN[0m [2mcargo_tarpaulin::process_handling::linux[0m[2m:[0m Test at /app/target/debug/deps/warden_coverage-7c6d1a30a422e99c doesn't exist
[2m2026-03-08T12:01:09.715167Z[0m [33m WARN[0m [2mcargo_tarpaulin::process_handling::linux[0m[2m:[0m Test at /app/target/debug/deps/function_tests-35a1fc950661739e doesn't exist
[2m2026-03-08T12:01:09.715178Z[0m [33m WARN[0m [2mcargo_tarpaulin::process_handling::linux[0m[2m:[0m Test at /app/target/debug/deps/havoc_coverage-8d08e5ace5066cfb doesn't exist
[2m2026-03-08T12:01:09.715188Z[0m [33m WARN[0m [2mcargo_tarpaulin::process_handling::linux[0m[2m:[0m Test at /app/target/debug/deps/warden_exploit-fc424860fdcfb5f6 doesn't exist
[2m2026-03-08T12:01:09.715481Z[0m [33m WARN[0m [2mcargo_tarpaulin::process_handling::linux[0m[2m:[0m Test at /app/target/debug/deps/warden_hashdos-2f6c1f6018593e0c doesn't exist
[2m2026-03-08T12:01:09.715505Z[0m [33m WARN[0m [2mcargo_tarpaulin::process_handling::linux[0m[2m:[0m Test at /app/target/debug/deps/warden_index_overflow-f8d588b2ea0cd0b2 doesn't exist
[2m2026-03-08T12:01:09.715636Z[0m [33m WARN[0m [2mcargo_tarpaulin::process_handling::linux[0m[2m:[0m Test at /app/target/debug/deps/lambda_tests-2e494450da5667fd doesn't exist
[2m2026-03-08T12:01:09.715648Z[0m [33m WARN[0m [2mcargo_tarpaulin::process_handling::linux[0m[2m:[0m Test at /app/target/debug/deps/havoc-d0fdbf4792869d8e doesn't exist
[2m2026-03-08T12:01:09.715657Z[0m [33m WARN[0m [2mcargo_tarpaulin::process_handling::linux[0m[2m:[0m Test at /app/target/debug/deps/havoc_fuzz-0ffb02f95db04514 doesn't exist
[2m2026-03-08T12:01:09.715667Z[0m [33m WARN[0m [2mcargo_tarpaulin::process_handling::linux[0m[2m:[0m Test at /app/target/debug/deps/mosaic_coverage-99a58003d98433ce doesn't exist
[2m2026-03-08T12:01:09.715675Z[0m [33m WARN[0m [2mcargo_tarpaulin::process_handling::linux[0m[2m:[0m Test at /app/target/debug/deps/trait_tests-5d73423d29077bd5 doesn't exist
[2m2026-03-08T12:01:09.715684Z[0m [33m WARN[0m [2mcargo_tarpaulin::process_handling::linux[0m[2m:[0m Test at /app/target/debug/deps/havoc_repro-9a9053b67013311d doesn't exist
[2m2026-03-08T12:01:09.715694Z[0m [33m WARN[0m [2mcargo_tarpaulin::process_handling::linux[0m[2m:[0m Test at /app/target/debug/deps/narrator_coverage-bb4513a5bd5e090a doesn't exist
[2m2026-03-08T12:01:09.715793Z[0m [33m WARN[0m [2mcargo_tarpaulin::process_handling::linux[0m[2m:[0m Test at /app/target/debug/deps/havoc_recursion-6144b51869b50896 doesn't exist
[2m2026-03-08T12:01:09.715810Z[0m [33m WARN[0m [2mcargo_tarpaulin::process_handling::linux[0m[2m:[0m Test at /app/target/debug/deps/warden_recursive_struct_mutual-cd1ee6204f0e1483 doesn't exist
[2m2026-03-08T12:01:09.715845Z[0m [33m WARN[0m [2mcargo_tarpaulin::process_handling::linux[0m[2m:[0m Test at /app/target/debug/deps/collection_tests-c243f0eefaa68287 doesn't exist
[2m2026-03-08T12:01:09.715928Z[0m [33m WARN[0m [2mcargo_tarpaulin::process_handling::linux[0m[2m:[0m Test at /app/target/debug/deps/reproduce_silent_failure-45661b82620170ae doesn't exist
[2m2026-03-08T12:01:09.715943Z[0m [33m WARN[0m [2mcargo_tarpaulin::process_handling::linux[0m[2m:[0m Test at /app/target/debug/deps/security_memoize_repro-fe7a902c462e75c3 doesn't exist
[2m2026-03-08T12:01:09.715952Z[0m [33m WARN[0m [2mcargo_tarpaulin::process_handling::linux[0m[2m:[0m Test at /app/target/debug/deps/regression_codegen_complex-89453a3bb8faded1 doesn't exist
[2m2026-03-08T12:01:09.715960Z[0m [33m WARN[0m [2mcargo_tarpaulin::process_handling::linux[0m[2m:[0m Test at /app/target/debug/deps/security_tests-d9735dbd171caa84 doesn't exist
[2m2026-03-08T12:01:09.715969Z[0m [33m WARN[0m [2mcargo_tarpaulin::process_handling::linux[0m[2m:[0m Test at /app/target/debug/deps/compile_tests-96fd6fead6ca9a23 doesn't exist
[2m2026-03-08T12:01:09.715978Z[0m [33m WARN[0m [2mcargo_tarpaulin::process_handling::linux[0m[2m:[0m Test at /app/target/debug/deps/coverage_perfect_participle-a2981226ec1214f0 doesn't exist
[2m2026-03-08T12:01:09.715986Z[0m [33m WARN[0m [2mcargo_tarpaulin::process_handling::linux[0m[2m:[0m Test at /app/target/debug/deps/havoc_recursion_drop-b2c77a50829a2f58 doesn't exist
[2m2026-03-08T12:01:09.715994Z[0m [33m WARN[0m [2mcargo_tarpaulin::process_handling::linux[0m[2m:[0m Test at /app/target/debug/deps/warden_nested_phrase-043b27c5fb87505a doesn't exist
[2m2026-03-08T12:01:09.716004Z[0m [33m WARN[0m [2mcargo_tarpaulin::process_handling::linux[0m[2m:[0m Test at /app/target/debug/deps/option_result_tests-2c908c15b1ca1831 doesn't exist
[2m2026-03-08T12:01:09.716012Z[0m [33m WARN[0m [2mcargo_tarpaulin::process_handling::linux[0m[2m:[0m Test at /app/target/debug/deps/warden_text_dos-b86000f6e4e39b65 doesn't exist
[2m2026-03-08T12:01:09.716020Z[0m [33m WARN[0m [2mcargo_tarpaulin::process_handling::linux[0m[2m:[0m Test at /app/target/debug/deps/havoc_elif_overflow-9f97656ce93ffed3 doesn't exist
[2m2026-03-08T12:01:09.716028Z[0m [33m WARN[0m [2mcargo_tarpaulin::process_handling::linux[0m[2m:[0m Test at /app/target/debug/deps/havoc_operator_stress-b461e2f4b4cff1dc doesn't exist
[2m2026-03-08T12:01:09.716036Z[0m [33m WARN[0m [2mcargo_tarpaulin::process_handling::linux[0m[2m:[0m Test at /app/target/debug/deps/razor_coverage-df52a5e8dbc61ab8 doesn't exist
[2m2026-03-08T12:01:09.716044Z[0m [33m WARN[0m [2mcargo_tarpaulin::process_handling::linux[0m[2m:[0m Test at /app/target/debug/deps/glossa-772469fa65c1c554 doesn't exist
[2m2026-03-08T12:01:09.716053Z[0m [33m WARN[0m [2mcargo_tarpaulin::process_handling::linux[0m[2m:[0m Test at /app/target/debug/deps/havoc_disambiguation_panic-54a1ffc423ee06c5 doesn't exist
[2m2026-03-08T12:01:09.716062Z[0m [33m WARN[0m [2mcargo_tarpaulin::process_handling::linux[0m[2m:[0m Test at /app/target/debug/deps/havoc_feed_recursion-f070abce6be4b48d doesn't exist
[2m2026-03-08T12:01:09.716071Z[0m [33m WARN[0m [2mcargo_tarpaulin::process_handling::linux[0m[2m:[0m Test at /app/target/debug/deps/codegen_optimizations-4624eab89cefcf02 doesn't exist
[2m2026-03-08T12:01:09.716082Z[0m [33m WARN[0m [2mcargo_tarpaulin::process_handling::linux[0m[2m:[0m Test at /app/target/debug/deps/havoc_proptest_normalization-995f6424e869abc3 doesn't exist
[2m2026-03-08T12:01:09.716087Z[0m [33m WARN[0m [2mcargo_tarpaulin::process_handling::linux[0m[2m:[0m Test at /app/target/debug/deps/glossa-6117d64f9e3a1021 doesn't exist
Error: "Test failed during run"
